The system is: Windows - 10.0.22621 - AMD64
Compiling the C compiler identification source file "CMakeCCompilerId.c" succeeded.
Compiler: C:/Program Files/Microsoft Visual Studio/2022/Community/VC/Tools/MSVC/14.35.32215/bin/Hostx64/x64/cl.exe 
Build flags: 
Id flags:  

The output was:
0
Microsoft (R) C/C++ 최적화 컴파일러 버전 19.35.32215(x64)
Copyright (c) Microsoft Corporation. All rights reserved.

CMakeCCompilerId.c
Microsoft (R) Incremental Linker Version 14.35.32215.0
Copyright (C) Microsoft Corporation.  All rights reserved.

/out:CMakeCCompilerId.exe 
CMakeCCompilerId.obj 


Compilation of the C compiler identification source "CMakeCCompilerId.c" produced "CMakeCCompilerId.exe"

Compilation of the C compiler identification source "CMakeCCompilerId.c" produced "CMakeCCompilerId.obj"

The C compiler identification is MSVC, found in "C:/Users/lsymi/CLionProjects/class/out/build/x64-Debug/CMakeFiles/3.25.1-msvc1/CompilerIdC/CMakeCCompilerId.exe"

Compiling the CXX compiler identification source file "CMakeCXXCompilerId.cpp" succeeded.
Compiler: C:/Program Files/Microsoft Visual Studio/2022/Community/VC/Tools/MSVC/14.35.32215/bin/Hostx64/x64/cl.exe 
Build flags: 
Id flags:  

The output was:
0
Microsoft (R) C/C++ 최적화 컴파일러 버전 19.35.32215(x64)
Copyright (c) Microsoft Corporation. All rights reserved.

CMakeCXXCompilerId.cpp
Microsoft (R) Incremental Linker Version 14.35.32215.0
Copyright (C) Microsoft Corporation.  All rights reserved.

/out:CMakeCXXCompilerId.exe 
CMakeCXXCompilerId.obj 


Compilation of the CXX compiler identification source "CMakeCXXCompilerId.cpp" produced "CMakeCXXCompilerId.exe"

Compilation of the CXX compiler identification source "CMakeCXXCompilerId.cpp" produced "CMakeCXXCompilerId.obj"

The CXX compiler identification is MSVC, found in "C:/Users/lsymi/CLionProjects/class/out/build/x64-Debug/CMakeFiles/3.25.1-msvc1/CompilerIdCXX/CMakeCXXCompilerId.exe"

Detecting C compiler ABI info compiled with the following output:
Change Dir: C:/Users/lsymi/CLionProjects/class/out/build/x64-Debug/CMakeFiles/CMakeScratch/TryCompile-1o9jtn

Run Build Command(s):C:/Program Files/Microsoft Visual Studio/2022/Community/Common7/IDE/CommonExtensions/Microsoft/CMake/Ninja/ninja.exe cmTC_f37bb && [1/2] Building C object CMakeFiles\cmTC_f37bb.dir\CMakeCCompilerABI.c.obj
[2/2] Linking C executable cmTC_f37bb.exe



Detecting CXX compiler ABI info compiled with the following output:
Change Dir: C:/Users/lsymi/CLionProjects/class/out/build/x64-Debug/CMakeFiles/CMakeScratch/TryCompile-qi4k4v

Run Build Command(s):C:/Program Files/Microsoft Visual Studio/2022/Community/Common7/IDE/CommonExtensions/Microsoft/CMake/Ninja/ninja.exe cmTC_1dc9e && [1/2] Building CXX object CMakeFiles\cmTC_1dc9e.dir\CMakeCXXCompilerABI.cpp.obj
[2/2] Linking CXX executable cmTC_1dc9e.exe



Determining if the include file sys/types.h exists passed with the following output:
Change Dir: C:/Users/lsymi/CLionProjects/class/out/build/x64-Debug/CMakeFiles/CMakeScratch/TryCompile-zsm6ia

Run Build Command(s):C:/Program Files/Microsoft Visual Studio/2022/Community/Common7/IDE/CommonExtensions/Microsoft/CMake/Ninja/ninja.exe cmTC_78ea1 && [1/2] Building C object CMakeFiles\cmTC_78ea1.dir\CheckIncludeFile.c.obj
[2/2] Linking C executable cmTC_78ea1.exe



Determining if the include file stdint.h exists passed with the following output:
Change Dir: C:/Users/lsymi/CLionProjects/class/out/build/x64-Debug/CMakeFiles/CMakeScratch/TryCompile-sj5w4t

Run Build Command(s):C:/Program Files/Microsoft Visual Studio/2022/Community/Common7/IDE/CommonExtensions/Microsoft/CMake/Ninja/ninja.exe cmTC_0f49e && [1/2] Building C object CMakeFiles\cmTC_0f49e.dir\CheckIncludeFile.c.obj
[2/2] Linking C executable cmTC_0f49e.exe



Determining if the include file stddef.h exists passed with the following output:
Change Dir: C:/Users/lsymi/CLionProjects/class/out/build/x64-Debug/CMakeFiles/CMakeScratch/TryCompile-nj4k2g

Run Build Command(s):C:/Program Files/Microsoft Visual Studio/2022/Community/Common7/IDE/CommonExtensions/Microsoft/CMake/Ninja/ninja.exe cmTC_9e6bc && [1/2] Building C object CMakeFiles\cmTC_9e6bc.dir\CheckIncludeFile.c.obj
[2/2] Linking C executable cmTC_9e6bc.exe



Determining size of void* passed with the following output:
Change Dir: C:/Users/lsymi/CLionProjects/class/out/build/x64-Debug/CMakeFiles/CMakeScratch/TryCompile-ed9l7u

Run Build Command(s):C:/Program Files/Microsoft Visual Studio/2022/Community/Common7/IDE/CommonExtensions/Microsoft/CMake/Ninja/ninja.exe cmTC_155eb && [1/2] Building C object CMakeFiles\cmTC_155eb.dir\SIZEOF_VOID_PTR.c.obj
[2/2] Linking C executable cmTC_155eb.exe



